#
# There is insufficient memory for the Java Runtime Environment to continue.
# Native memory allocation (mmap) failed to map 8388608 bytes. Error detail: G1 virtual space
# Possible reasons:
#   The system is out of physical RAM or swap space
#   This process is running with CompressedOops enabled, and the Java Heap may be blocking the growth of the native heap
# Possible solutions:
#   Reduce memory load on the system
#   Increase physical memory or swap space
#   Check if swap backing store is full
#   Decrease Java heap size (-Xmx/-Xms)
#   Decrease number of Java threads
#   Decrease Java thread stack sizes (-Xss)
#   Set larger code cache with -XX:ReservedCodeCacheSize=
#   JVM is running with Unscaled Compressed Oops mode in which the Java heap is
#     placed in the first 4GB address space. The Java Heap base address is the
#     maximum limit for the native heap growth. Please use -XX:HeapBaseMinAddress
#     to set the Java Heap base and to place the Java Heap above 4GB virtual address.
# This output file may be truncated or incomplete.
#
#  Out of Memory Error (os_windows.cpp:3830), pid=37068, tid=38056
#
# JRE version:  (17.0.14+1) (build )
# Java VM: OpenJDK 64-Bit Server VM (17.0.14+1-b1367.22, mixed mode, sharing, tiered, compressed oops, compressed class ptrs, g1 gc, windows-amd64)
# No core dump will be written. Minidumps are not enabled by default on client versions of Windows
#

---------------  S U M M A R Y ------------

Command Line: -Dapplication.home=C:\Users\lysc5\.jdks\jbr-17.0.14 --add-modules=ALL-DEFAULT -Xms8m -Djdk.module.main=jdk.jlink jdk.jlink/jdk.tools.jlink.internal.Main --version

Host: AMD Ryzen 5 3450U with Radeon Vega Mobile Gfx  , 8 cores, 5G,  Windows 11 , 64 bit Build 26100 (10.0.26100.8115)
Time: Mon Apr  6 11:54:41 2026 Hora est嫕dar central (M憖ico) elapsed time: 1.252716 seconds (0d 0h 0m 1s)

---------------  T H R E A D  ---------------

Current thread (0x0000027bcab244f0):  JavaThread "Unknown thread" [_thread_in_vm, id=38056, stack(0x0000008516000000,0x0000008516100000)]

Stack: [0x0000008516000000,0x0000008516100000]
Native frames: (J=compiled Java code, j=interpreted, Vv=VM code, C=native code)
V  [jvm.dll+0x68b969]  os::platform_print_native_stack+0xd9  (os_windows_x86.cpp:235)
V  [jvm.dll+0x84572a]  VMError::report+0xc6a  (vmError.cpp:868)
V  [jvm.dll+0x8473ae]  VMError::report_and_die+0x78e  (vmError.cpp:1766)
V  [jvm.dll+0x847a13]  VMError::report_and_die+0x43  (vmError.cpp:1552)
V  [jvm.dll+0x24a83f]  report_vm_out_of_memory+0x8f  (debug.cpp:321)
V  [jvm.dll+0x688629]  os::pd_commit_memory_or_exit+0xc9  (os_windows.cpp:3838)
V  [jvm.dll+0x67cf3a]  os::commit_memory_or_exit+0x2a  (os.cpp:1768)
V  [jvm.dll+0x30b83b]  G1PageBasedVirtualSpace::commit+0x19b  (g1PageBasedVirtualSpace.cpp:204)
V  [jvm.dll+0x312d26]  G1RegionsLargerThanCommitSizeMapper::commit_regions+0x96  (g1RegionToSpaceMapper.cpp:100)
V  [jvm.dll+0x3630fe]  HeapRegionManager::expand_any+0xee  (heapRegionManager.cpp:363)
V  [jvm.dll+0x36333f]  HeapRegionManager::expand_by+0x7f  (heapRegionManager.cpp:380)
V  [jvm.dll+0x2e18cc]  G1CollectedHeap::expand+0xbc  (g1CollectedHeap.cpp:1292)
V  [jvm.dll+0x2e2824]  G1CollectedHeap::initialize+0x664  (g1CollectedHeap.cpp:1713)
V  [jvm.dll+0x815ffb]  universe_init+0xbb  (universe.cpp:737)
V  [jvm.dll+0x370e88]  init_globals+0x48  (init.cpp:131)
V  [jvm.dll+0x7f4875]  Threads::create_vm+0x5e5  (thread.cpp:2909)
V  [jvm.dll+0x3f54ef]  JNI_CreateJavaVM_inner+0x8f  (jni.cpp:3654)
V  [jvm.dll+0x3f70c1]  JNI_CreateJavaVM+0x11  (jni.cpp:3746)
C  [jli.dll+0x52ab]  JavaMain+0x113  (java.c:413)
C  [ucrtbase.dll+0x37b0]
C  [KERNEL32.DLL+0x2e8d7]
C  [ntdll.dll+0x8c3fc]


---------------  P R O C E S S  ---------------

Threads class SMR info:
_java_thread_list=0x00007ffd2d799018, length=0, elements={
}

Java Threads: ( => current thread )

Other Threads:
  0x0000027bcab72d10 GCTaskThread "GC Thread#0" [stack: 0x0000008516100000,0x0000008516200000] [id=35236]
  0x0000027bcab7f7f0 ConcurrentGCThread "G1 Main Marker" [stack: 0x0000008516200000,0x0000008516300000] [id=33456]
  0x0000027bcab80df0 ConcurrentGCThread "G1 Conc#0" [stack: 0x0000008516300000,0x0000008516400000] [id=18864]

[error occurred during error reporting (printing all threads), id 0xc0000005, EXCEPTION_ACCESS_VIOLATION (0xc0000005) at pc=0x00007ffd2cf42197]

VM state: not at safepoint (not fully initialized)

VM Mutex/Monitor currently owned by a thread:  ([mutex/lock_event])
[0x0000027bcab1fbe0] Heap_lock - owner thread: 0x0000027bcab244f0

Heap address: 0x00000000a1c00000, size: 1508 MB, Compressed Oops mode: 32-bit

CDS archive(s) mapped at: [0x0000000000000000-0x0000000000000000-0x0000000000000000), size 0, SharedBaseAddress: 0x0000000800000000, ArchiveRelocationMode: 1.
Narrow klass base: 0x0000000000000000, Narrow klass shift: 0, Narrow klass range: 0x0

GC Precious Log:
<Empty>

Heap:
 garbage-first heap   total 0K, used 0K [0x00000000a1c00000, 0x0000000100000000)
  region size 1024K, 0 young (0K), 0 survivors (0K)
 Metaspace       used 0K, committed 0K, reserved 0K
  class space    used 0K, committed 0K, reserved 0K

Heap Regions: E=young(eden), S=young(survivor), O=old, HS=humongous(starts), HC=humongous(continues), CS=collection set, F=free, OA=open archive, CA=closed archive, TAMS=top-at-mark-start (previous, next)

Card table byte_map: [0x0000027bdf890000,0x0000027bdfb90000] _byte_map_base: 0x0000027bdf382000

Marking Bits (Prev, Next): (CMBitMap*) 0x0000027bcab73240, (CMBitMap*) 0x0000027bcab73280
 Prev Bits: [0x0000027bdfe90000, 0x0000027be1620000)
 Next Bits: [0x0000027be1620000, 0x0000027be2db0000)

GC Heap History (0 events):
No events

Dll operation events (1 events):
Event: 0.028 Loaded shared library C:\Users\lysc5\.jdks\jbr-17.0.14\bin\java.dll

Deoptimization events (0 events):
No events

Classes loaded (0 events):
No events

Classes unloaded (0 events):
No events

Classes redefined (0 events):
No events

Internal exceptions (0 events):
No events

VM Operations (0 events):
No events

Memory protections (0 events):
No events

Nmethod flushes (0 events):
No events

Events (0 events):
No events


Dynamic libraries:
0x00007ff738480000 - 0x00007ff738488000 	C:\Users\lysc5\.jdks\jbr-17.0.14\bin\jlink.exe
0x00007ffdb8aa0000 - 0x00007ffdb8d07000 	C:\WINDOWS\SYSTEM32\ntdll.dll
0x00007ffdb74e0000 - 0x00007ffdb75a9000 	C:\WINDOWS\System32\KERNEL32.DLL
0x00007ffdb5510000 - 0x00007ffdb5904000 	C:\WINDOWS\System32\KERNELBASE.dll
0x00007ffdb5c90000 - 0x00007ffdb5ddb000 	C:\WINDOWS\System32\ucrtbase.dll
0x00007ffd98bf0000 - 0x00007ffd98c07000 	C:\Users\lysc5\.jdks\jbr-17.0.14\bin\jli.dll
0x00007ffd98f80000 - 0x00007ffd98f9b000 	C:\Users\lysc5\.jdks\jbr-17.0.14\bin\VCRUNTIME140.dll
0x00007ffdb71a0000 - 0x00007ffdb7365000 	C:\WINDOWS\System32\USER32.dll
0x00007ffdb54e0000 - 0x00007ffdb5507000 	C:\WINDOWS\System32\win32u.dll
0x00007ffdb7370000 - 0x00007ffdb739b000 	C:\WINDOWS\System32\GDI32.dll
0x00007ffdb6700000 - 0x00007ffdb682a000 	C:\WINDOWS\System32\gdi32full.dll
0x00007ffdb5de0000 - 0x00007ffdb5e83000 	C:\WINDOWS\System32\msvcp_win.dll
0x00007ffda53f0000 - 0x00007ffda5683000 	C:\WINDOWS\WinSxS\amd64_microsoft.windows.common-controls_6595b64144ccf1df_6.0.26100.8115_none_3e075c82e3354f9c\COMCTL32.dll
0x00007ffdb73a0000 - 0x00007ffdb7449000 	C:\WINDOWS\System32\msvcrt.dll
0x00007ffdb8720000 - 0x00007ffdb8752000 	C:\WINDOWS\System32\IMM32.DLL
0x00007ffdae270000 - 0x00007ffdae27c000 	C:\Users\lysc5\.jdks\jbr-17.0.14\bin\vcruntime140_1.dll
0x00007ffd883c0000 - 0x00007ffd8844d000 	C:\Users\lysc5\.jdks\jbr-17.0.14\bin\msvcp140.dll
0x00007ffd2cc50000 - 0x00007ffd2d8de000 	C:\Users\lysc5\.jdks\jbr-17.0.14\bin\server\jvm.dll
0x00007ffdb69e0000 - 0x00007ffdb6a96000 	C:\WINDOWS\System32\ADVAPI32.dll
0x00007ffdb70f0000 - 0x00007ffdb7197000 	C:\WINDOWS\System32\sechost.dll
0x00007ffdb8940000 - 0x00007ffdb8a58000 	C:\WINDOWS\System32\RPCRT4.dll
0x00007ffdb7790000 - 0x00007ffdb7810000 	C:\WINDOWS\System32\WS2_32.dll
0x00007ffdb51d0000 - 0x00007ffdb522e000 	C:\WINDOWS\SYSTEM32\POWRPROF.dll
0x00007ffdaed70000 - 0x00007ffdaed7b000 	C:\WINDOWS\SYSTEM32\VERSION.dll
0x00007ffdad430000 - 0x00007ffdad466000 	C:\WINDOWS\SYSTEM32\WINMM.dll
0x00007ffdb51b0000 - 0x00007ffdb51c4000 	C:\WINDOWS\SYSTEM32\UMPDC.dll
0x00007ffdb4100000 - 0x00007ffdb411b000 	C:\WINDOWS\SYSTEM32\kernel.appcore.dll
0x00007ffda6e90000 - 0x00007ffda6e9a000 	C:\Users\lysc5\.jdks\jbr-17.0.14\bin\jimage.dll
0x00007ffdaa420000 - 0x00007ffdaa662000 	C:\WINDOWS\SYSTEM32\DBGHELP.DLL
0x00007ffdb7820000 - 0x00007ffdb7ba2000 	C:\WINDOWS\System32\combase.dll
0x00007ffdb75b0000 - 0x00007ffdb7687000 	C:\WINDOWS\System32\OLEAUT32.dll
0x00007ffda4fa0000 - 0x00007ffda4fdb000 	C:\WINDOWS\SYSTEM32\dbgcore.DLL
0x00007ffdb5be0000 - 0x00007ffdb5c85000 	C:\WINDOWS\System32\bcryptPrimitives.dll
0x00007ffd98640000 - 0x00007ffd98665000 	C:\Users\lysc5\.jdks\jbr-17.0.14\bin\java.dll

dbghelp: loaded successfully - version: 4.0.5 - missing functions: none
symbol engine: initialized successfully - sym options: 0x614 - pdb path: .;C:\Users\lysc5\.jdks\jbr-17.0.14\bin;C:\WINDOWS\SYSTEM32;C:\WINDOWS\WinSxS\amd64_microsoft.windows.common-controls_6595b64144ccf1df_6.0.26100.8115_none_3e075c82e3354f9c;C:\Users\lysc5\.jdks\jbr-17.0.14\bin\server

VM Arguments:
jvm_args: -Dapplication.home=C:\Users\lysc5\.jdks\jbr-17.0.14 --add-modules=ALL-DEFAULT -Xms8m -Djdk.module.main=jdk.jlink 
java_command: jdk.jlink/jdk.tools.jlink.internal.Main --version
java_class_path (initial): <not set>
Launcher Type: SUN_STANDARD

[Global flags]
     intx CICompilerCount                          = 4                                         {product} {ergonomic}
     uint ConcGCThreads                            = 2                                         {product} {ergonomic}
     uint G1ConcRefinementThreads                  = 8                                         {product} {ergonomic}
   size_t G1HeapRegionSize                         = 1048576                                   {product} {ergonomic}
    uintx GCDrainStackTargetSize                   = 64                                        {product} {ergonomic}
   size_t InitialHeapSize                          = 8388608                                   {product} {command line}
   size_t MarkStackSize                            = 4194304                                   {product} {ergonomic}
   size_t MaxHeapSize                              = 1581252608                                {product} {ergonomic}
   size_t MinHeapDeltaBytes                        = 1048576                                   {product} {ergonomic}
   size_t MinHeapSize                              = 8388608                                   {product} {command line}
    uintx NonNMethodCodeHeapSize                   = 5839372                                {pd product} {ergonomic}
    uintx NonProfiledCodeHeapSize                  = 122909434                              {pd product} {ergonomic}
    uintx ProfiledCodeHeapSize                     = 122909434                              {pd product} {ergonomic}
    uintx ReservedCodeCacheSize                    = 251658240                              {pd product} {ergonomic}
     bool SegmentedCodeCache                       = true                                      {product} {ergonomic}
   size_t SoftMaxHeapSize                          = 1581252608                             {manageable} {ergonomic}
     bool UseCompressedClassPointers               = true                           {product lp64_product} {ergonomic}
     bool UseCompressedOops                        = true                           {product lp64_product} {ergonomic}
     bool UseG1GC                                  = true                                      {product} {ergonomic}
     bool UseLargePagesIndividualAllocation        = false                                  {pd product} {ergonomic}

Logging:
Log output configuration:
 #0: stdout all=warning uptime,level,tags
 #1: stderr all=off uptime,level,tags

Environment Variables:
PATH=C:\WINDOWS\system32;C:\WINDOWS;C:\WINDOWS\System32\Wbem;C:\WINDOWS\System32\WindowsPowerShell\v1.0\;C:\WINDOWS\System32\OpenSSH\;C:\Users\lysc5\AppData\Local\Microsoft\WindowsApps;C:\Users\lysc5\AppData\Local\GitHubDesktop\bin;C:\Users\lysc5\AppData\Local\Programs\IBM Bob\bin
USERNAME=lysc5
OS=Windows_NT
PROCESSOR_IDENTIFIER=AMD64 Family 23 Model 24 Stepping 1, AuthenticAMD
TMP=C:\Users\lysc5\AppData\Local\Temp
TEMP=C:\Users\lysc5\AppData\Local\Temp



Periodic native trim disabled

JNI global refs:
JNI global refs: 0, weak refs: 0

JNI global refs memory usage: 0, weak refs: 0

Process memory usage:
Resident Set Size: 51296K (0% of 6174988K total physical memory with 581320K free physical memory)

OOME stack traces (most recent first):
Classloader memory used:


---------------  S Y S T E M  ---------------

OS:
 Windows 11 , 64 bit Build 26100 (10.0.26100.8115)
OS uptime: 2 days 17:13 hours

CPU: total 8 (initial active 8) (8 cores per cpu, 2 threads per core) family 23 model 24 stepping 1 microcode 0x810810e, cx8, cmov, fxsr, ht, mmx, 3dnowpref, sse, sse2, sse3, ssse3, sse4a, sse4.1, sse4.2, popcnt, lzcnt, tsc, tscinvbit, avx, avx2, aes, clmul, bmi1, bmi2, adx, sha, fma, vzeroupper, clflush, clflushopt
Processor Information for all 8 processors :
  Max Mhz: 2100, Current Mhz: 2100, Mhz Limit: 2100

Memory: 4k page, system-wide physical 6030M (567M free)
TotalPageFile size 24462M (AvailPageFile size 38M)
current process WorkingSet (physical memory assigned to process): 50M, peak: 50M
current process commit charge ("private bytes"): 98M, peak: 98M

vm_info: OpenJDK 64-Bit Server VM (17.0.14+1-b1367.22) for windows-amd64 JRE (17.0.14+1-b1367.22), built on 2025-01-30 by "builduser" with MS VC++ 16.10 / 16.11 (VS2019)

END.
